[02/Dec/2025:16:24:03 -0300] 127.0.0.1 "GET /backend/usuarios HTTP/1.1" 200 (1571044 ms)
[02/Dec/2025:16:24:01 -0300] 0:0:0:0:0:0:0:1 "OPTIONS /bff/clientes HTTP/1.1" 200 (382957 ms)
[02/Dec/2025:16:24:04 -0300] 0:0:0:0:0:0:0:1 "GET /bff/clientes HTTP/1.1" 200 (2194534 ms)
[02/Dec/2025:16:24:07 -0300] 127.0.0.1 "GET /backend/usuarios HTTP/1.1" 200 (70893 ms)
[02/Dec/2025:16:24:07 -0300] 127.0.0.1 "GET /backend/vehiculos HTTP/1.1" 200 (93270 ms)
[02/Dec/2025:16:24:10 -0300] 127.0.0.1 "GET /backend/usuarios/app-users HTTP/1.1" 200 (135348 ms)
[02/Dec/2025:16:24:14 -0300] 127.0.0.1 "GET /backend/usuarios/1 HTTP/1.1" 200 (128854 ms)
[02/Dec/2025:16:24:07 -0300] 0:0:0:0:0:0:0:1 "OPTIONS /bff/clientes HTTP/1.1" 200 (15071 ms)
[02/Dec/2025:16:24:07 -0300] 0:0:0:0:0:0:0:1 "GET /bff/clientes HTTP/1.1" 200 (105211 ms)
[02/Dec/2025:16:24:07 -0300] 0:0:0:0:0:0:0:1 "OPTIONS /bff/vehiculos HTTP/1.1" 200 (11699 ms)
[02/Dec/2025:16:24:07 -0300] 0:0:0:0:0:0:0:1 "GET /bff/vehiculos HTTP/1.1" 200 (159461 ms)
[02/Dec/2025:16:24:10 -0300] 0:0:0:0:0:0:0:1 "OPTIONS /bff/clientes/app-users HTTP/1.1" 200 (13108 ms)
[02/Dec/2025:16:24:10 -0300] 0:0:0:0:0:0:0:1 "GET /bff/clientes/app-users HTTP/1.1" 200 (175614 ms)
[02/Dec/2025:16:24:13 -0300] 0:0:0:0:0:0:0:1 "OPTIONS /bff/clientes/1 HTTP/1.1" 200 (12666 ms)
[02/Dec/2025:16:24:14 -0300] 0:0:0:0:0:0:0:1 "GET /bff/clientes/1 HTTP/1.1" 200 (201356 ms)
[02/Dec/2025:16:24:16 -0300] 127.0.0.1 "GET /backend/usuarios HTTP/1.1" 200 (64690 ms)
[02/Dec/2025:16:24:22 -0300] 127.0.0.1 "GET /backend/usuarios HTTP/1.1" 200 (246622 ms)
[02/Dec/2025:16:24:16 -0300] 0:0:0:0:0:0:0:1 "OPTIONS /bff/clientes HTTP/1.1" 200 (12305 ms)
[02/Dec/2025:16:24:16 -0300] 0:0:0:0:0:0:0:1 "GET /bff/clientes HTTP/1.1" 200 (102297 ms)
[02/Dec/2025:16:24:22 -0300] 0:0:0:0:0:0:0:1 "GET /bff/clientes HTTP/1.1" 200 (427595 ms)
[02/Dec/2025:16:24:25 -0300] 0:0:0:0:0:0:0:1 "OPTIONS /bff/vehiculos HTTP/1.1" 200 (42903 ms)
[02/Dec/2025:16:24:28 -0300] 127.0.0.1 "GET /backend/vehiculos HTTP/1.1" 200 (67278 ms)
[02/Dec/2025:16:24:28 -0300] 0:0:0:0:0:0:0:1 "GET /bff/vehiculos HTTP/1.1" 200 (96656 ms)
[02/Dec/2025:16:24:36 -0300] 0:0:0:0:0:0:0:1 "OPTIONS /bff/clientes HTTP/1.1" 200 (11264 ms)
[02/Dec/2025:16:24:36 -0300] 0:0:0:0:0:0:0:1 "GET /bff/clientes HTTP/1.1" 200 (90253 ms)
[02/Dec/2025:16:24:36 -0300] 0:0:0:0:0:0:0:1 "OPTIONS /bff/vehiculos HTTP/1.1" 200 (6848 ms)
[02/Dec/2025:16:24:36 -0300] 0:0:0:0:0:0:0:1 "GET /bff/vehiculos HTTP/1.1" 200 (74701 ms)
[02/Dec/2025:16:24:36 -0300] 127.0.0.1 "GET /backend/usuarios HTTP/1.1" 200 (64271 ms)
[02/Dec/2025:16:24:36 -0300] 127.0.0.1 "GET /backend/vehiculos HTTP/1.1" 200 (53213 ms)
[02/Dec/2025:16:47:43 -0300] 0:0:0:0:0:0:0:1 "OPTIONS /bff/clientes HTTP/1.1" 200 (418702 ms)
[02/Dec/2025:16:47:43 -0300] 0:0:0:0:0:0:0:1 "GET /bff/clientes HTTP/1.1" 500 (360090 ms)
[02/Dec/2025:16:47:43 -0300] 0:0:0:0:0:0:0:1 "GET /bff/clientes HTTP/1.1" 500 (46312 ms)
[02/Dec/2025:16:47:44 -0300] 0:0:0:0:0:0:0:1 "GET /bff/clientes HTTP/1.1" 500 (55756 ms)
[02/Dec/2025:16:47:51 -0300] 0:0:0:0:0:0:0:1 "OPTIONS /bff/clientes/app-users HTTP/1.1" 200 (13427 ms)
[02/Dec/2025:16:47:52 -0300] 0:0:0:0:0:0:0:1 "GET /bff/clientes/app-users HTTP/1.1" 500 (49020 ms)
[02/Dec/2025:16:47:52 -0300] 0:0:0:0:0:0:0:1 "GET /bff/clientes/app-users HTTP/1.1" 500 (47242 ms)
[02/Dec/2025:16:47:52 -0300] 0:0:0:0:0:0:0:1 "GET /bff/clientes/app-users HTTP/1.1" 500 (92437 ms)
[02/Dec/2025:16:48:31 -0300] 0:0:0:0:0:0:0:1 "OPTIONS /bff/clientes HTTP/1.1" 200 (13229 ms)
[02/Dec/2025:16:48:31 -0300] 0:0:0:0:0:0:0:1 "GET /bff/clientes HTTP/1.1" 500 (40848 ms)
[02/Dec/2025:16:48:31 -0300] 0:0:0:0:0:0:0:1 "GET /bff/clientes HTTP/1.1" 500 (39351 ms)
[02/Dec/2025:16:48:31 -0300] 0:0:0:0:0:0:0:1 "GET /bff/clientes HTTP/1.1" 500 (36963 ms)
[02/Dec/2025:16:59:15 -0300] 0:0:0:0:0:0:0:1 "OPTIONS /bff/clientes HTTP/1.1" 200 (196160 ms)
[02/Dec/2025:16:59:17 -0300] 0:0:0:0:0:0:0:1 "GET /bff/clientes HTTP/1.1" 200 (1984332 ms)
[02/Dec/2025:17:02:48 -0300] 0:0:0:0:0:0:0:1 "OPTIONS /bff/clientes/verify/43745921 HTTP/1.1" 200 (13777 ms)
[02/Dec/2025:17:02:52 -0300] 0:0:0:0:0:0:0:1 "GET /bff/clientes/verify/43745921 HTTP/1.1" 200 (4570389 ms)
[02/Dec/2025:17:02:52 -0300] 127.0.0.1 "GET /conector/nosis/ar/43745921 HTTP/1.1" 200 (3413995 ms)
[02/Dec/2025:17:03:01 -0300] 0:0:0:0:0:0:0:1 "OPTIONS /bff/clientes HTTP/1.1" 200 (10486 ms)
[02/Dec/2025:17:03:02 -0300] 0:0:0:0:0:0:0:1 "POST /bff/clientes HTTP/1.1" 200 (987804 ms)
[02/Dec/2025:17:03:04 -0300] 0:0:0:0:0:0:0:1 "GET /bff/clientes HTTP/1.1" 200 (128212 ms)
[02/Dec/2025:17:03:09 -0300] 0:0:0:0:0:0:0:1 "OPTIONS /bff/clientes/app-users HTTP/1.1" 200 (13498 ms)
[02/Dec/2025:17:03:09 -0300] 0:0:0:0:0:0:0:1 "GET /bff/clientes/app-users HTTP/1.1" 200 (147763 ms)
[02/Dec/2025:17:03:11 -0300] 0:0:0:0:0:0:0:1 "OPTIONS /bff/clientes/available-for-user HTTP/1.1" 200 (26398 ms)
[02/Dec/2025:17:03:11 -0300] 0:0:0:0:0:0:0:1 "GET /bff/clientes/available-for-user HTTP/1.1" 200 (112195 ms)
[02/Dec/2025:17:03:14 -0300] 0:0:0:0:0:0:0:1 "OPTIONS /bff/clientes/create-user HTTP/1.1" 200 (10486 ms)
[02/Dec/2025:17:03:15 -0300] 0:0:0:0:0:0:0:1 "POST /bff/clientes/create-user HTTP/1.1" 200 (247962 ms)
[02/Dec/2025:17:03:19 -0300] 0:0:0:0:0:0:0:1 "POST /bff/clientes/create-user HTTP/1.1" 200 (83593 ms)
[02/Dec/2025:17:03:20 -0300] 0:0:0:0:0:0:0:1 "OPTIONS /bff/clientes/app-users HTTP/1.1" 200 (9544 ms)
[02/Dec/2025:17:03:20 -0300] 0:0:0:0:0:0:0:1 "GET /bff/clientes/app-users HTTP/1.1" 200 (89406 ms)
[02/Dec/2025:17:17:27 -0300] 127.0.0.1 "GET /backend/usuarios HTTP/1.1" 200 (967257 ms)
[02/Dec/2025:17:17:25 -0300] 0:0:0:0:0:0:0:1 "OPTIONS /bff/clientes HTTP/1.1" 200 (96613 ms)
[02/Dec/2025:17:17:27 -0300] 0:0:0:0:0:0:0:1 "GET /bff/clientes HTTP/1.1" 200 (1219675 ms)
